<?xml version="1.0" encoding="UTF-8"?>
<!-- Generated by org.testng.reporters.JUnitReportReporter -->
<testsuite hostname="LAPTOP-66147TBK" failures="0" tests="10" name="TestNGAnnotationsAndKeywords.TestngKeywords2" time="0.203" errors="1" timestamp="2021-04-14T17:22:43 IST" skipped="1">
  <testcase classname="TestNGAnnotationsAndKeywords.TestngKeywords2" name="pradu" time="0.002"/>
  <system-out/>
  <testcase classname="TestNGAnnotationsAndKeywords.TestngKeywords2" name="pradu" time="0.001"/>
  <system-out/>
  <testcase classname="TestNGAnnotationsAndKeywords.TestngKeywords2" name="pradu" time="0.001"/>
  <system-out/>
  <testcase classname="TestNGAnnotationsAndKeywords.TestngKeywords2" name="abhi" time="0.192">
    <error message="The driver executable does not exist: C:\Users\AARTI CHAVAN\Downloads\chromedriver.exe" type="java.lang.IllegalStateException">
      <![CDATA[java.lang.IllegalStateException: The driver executable does not exist: C:\Users\AARTI CHAVAN\Downloads\chromedriver.exe
at com.google.common.base.Preconditions.checkState(Preconditions.java:585)
at org.openqa.selenium.remote.service.DriverService.checkExecutable(DriverService.java:146)
at org.openqa.selenium.remote.service.DriverService.findExecutable(DriverService.java:141)
at org.openqa.selenium.chrome.ChromeDriverService.access$000(ChromeDriverService.java:35)
at org.openqa.selenium.chrome.ChromeDriverService$Builder.findDefaultExecutable(ChromeDriverService.java:159)
at org.openqa.selenium.remote.service.DriverService$Builder.build(DriverService.java:355)
at org.openqa.selenium.chrome.ChromeDriverService.createDefaultService(ChromeDriverService.java:94)
at org.openqa.selenium.chrome.ChromeDriver.<init>(ChromeDriver.java:123)
at TestNGAnnotationsAndKeywords.TestngKeywords2.abhi(TestngKeywords2.java:44)
at java.base/jdk.internal.reflect.NativeMethodAccessorImpl.invoke0(Native Method)
at java.base/jdk.internal.reflect.NativeMethodAccessorImpl.invoke(NativeMethodAccessorImpl.java:64)
at java.base/jdk.internal.reflect.DelegatingMethodAccessorImpl.invoke(DelegatingMethodAccessorImpl.java:43)
at java.base/java.lang.reflect.Method.invoke(Method.java:564)
at org.testng.internal.MethodInvocationHelper.invokeMethod(MethodInvocationHelper.java:132)
at org.testng.internal.InvokeMethodRunnable.runOne(InvokeMethodRunnable.java:45)
at org.testng.internal.InvokeMethodRunnable.call(InvokeMethodRunnable.java:73)
at org.testng.internal.InvokeMethodRunnable.call(InvokeMethodRunnable.java:11)
at java.base/java.util.concurrent.FutureTask.run(FutureTask.java:264)
at java.base/java.util.concurrent.ThreadPoolExecutor.runWorker(ThreadPoolExecutor.java:1130)
at java.base/java.util.concurrent.ThreadPoolExecutor$Worker.run(ThreadPoolExecutor.java:630)
at java.base/java.lang.Thread.run(Thread.java:832)
]]>
    </error>
  </testcase> <!-- abhi -->
  <system-out/>
  <testcase classname="TestNGAnnotationsAndKeywords.TestngKeywords2" name="madhu" time="0.001"/>
  <system-out/>
  <testcase classname="TestNGAnnotationsAndKeywords.TestngKeywords2" name="aaru" time="0.001"/>
  <system-out/>
  <testcase classname="TestNGAnnotationsAndKeywords.TestngKeywords2" name="rtu" time="0.002"/>
  <system-out/>
  <testcase classname="TestNGAnnotationsAndKeywords.TestngKeywords2" name="veeru" time="0.001"/>
  <system-out/>
  <testcase classname="TestNGAnnotationsAndKeywords.TestngKeywords2" name="wabi" time="0.002"/>
  <system-out/>
  <testcase classname="TestNGAnnotationsAndKeywords.TestngKeywords2" name="veena">
    <skipped/>
  </testcase> <!-- veena -->
  <system-out/>
</testsuite> <!-- TestNGAnnotationsAndKeywords.TestngKeywords2 -->
